2024-05-14 15:01:52.690 - DBeaver 24.0.2.202404071654 is starting
2024-05-14 15:01:52.690 - OS: Linux 6.1.0-18-amd64 (amd64)
2024-05-14 15:01:52.690 - Java version: 17.0.6 by Eclipse Adoptium (64bit)
2024-05-14 15:01:52.691 - Install path: '/usr/share/dbeaver-ce'
2024-05-14 15:01:52.691 - Instance path: 'file:/home/coen/.local/share/DBeaverData/dbeaver-workspace/'
2024-05-14 15:01:52.693 - Memory available 64Mb/1024Mb
2024-05-14 15:01:52.694 - Create display
> Start Eclipse IDE UI [org.eclipse.ui.ide 3.22.0.v20231102-1012]
> Start DBeaver UI Editors - Base [org.jkiss.dbeaver.ui.editors.base 1.0.128.202404071654]
2024-05-14 15:01:52.862 - Starting instance server at http://localhost:36631
2024-05-14 15:01:52.869 - Run workbench
> Start Eclipse e4 Workbench SWT [org.eclipse.e4.ui.workbench.swt 0.17.200.v20231030-2045]
> Start Eclipse Application Services [org.eclipse.e4.core.services 2.4.200.v20231103-2012]
> Start Eclipse UI Application Services [org.eclipse.e4.ui.services 1.6.200.v20231030-2045]
> Start Eclipse e4 Progress View [org.eclipse.e4.ui.progress 0.4.200.v20231030-2045]
> Start Eclipse Bindings Support [org.eclipse.e4.ui.bindings 0.14.200.v20231030-2045]
> Start Eclipse e4 core commands [org.eclipse.e4.core.commands 1.1.200.v20231108-1058]
> Start EMF XML/XMI Persistence [org.eclipse.emf.ecore.xmi 2.36.0.v20231002-1156]
> Start Eclipse CSS SWT Theme Support [org.eclipse.e4.ui.css.swt.theme 0.14.200.v20230913-1724]
> Start Eclipse e4 Workbench Add-ons [org.eclipse.e4.ui.workbench.addons.swt 1.5.200.v20231106-1600]
> Start Eclipse e4 Workbench SWT Renderer [org.eclipse.e4.ui.workbench.renderers.swt 0.16.200.v20231030-2045]
> Start Eclipse Dependency Injection Extensions [org.eclipse.e4.core.di.extensions 0.18.100.v20231103-2012]
> Start Eclipse CSS SWT Support [org.eclipse.e4.ui.css.swt 0.15.200.v20231025-0632]
> Start jna [com.sun.jna 5.13.0.v20230812-1000]
> Start Internet Connection Management UI [org.eclipse.ui.net 1.5.200.v20231106-1240]
> Start Internet Connection Management [org.eclipse.core.net 1.5.200.v20231106-1240]
2024-05-14 15:01:54.264 - Configure workbench window
> Start DBeaver SQL Model [org.jkiss.dbeaver.model.sql 1.0.118.202404071654]
2024-05-14 15:01:54.417 - Total database drivers: 111 (111)
> Start Help System Core [org.eclipse.help 3.10.200.v20231106-1240]
2024-05-14 15:01:54.495 - Create actions
2024-05-14 15:01:54.504 - Disable Eclipse action set 'org.eclipse.ui.edit.text.actionSet.annotationNavigation'
2024-05-14 15:01:54.504 - Disable Eclipse action set 'org.eclipse.ui.WorkingSetActionSet'
2024-05-14 15:01:54.505 - Disable Eclipse action set 'org.eclipse.ui.actionSet.openFiles'
2024-05-14 15:01:54.505 - Create workbench actions
2024-05-14 15:01:55.329 - Initialize workbench window
2024-05-14 15:01:55.332 - Finish initialization
> Start DBeaver UI Editors - Data [org.jkiss.dbeaver.ui.editors.data 1.0.128.202404071654]
> Start DBeaver UI Editors - SQL [org.jkiss.dbeaver.ui.editors.sql 1.0.128.202404071654]
> Start GEF Classic Draw2d [org.eclipse.draw2d 3.14.100.202311222042]
> Start GEF Classic GEF (MVC) [org.eclipse.gef 3.16.0.202311222042]
> Start DBeaver ERD UI [org.jkiss.dbeaver.erd.ui 3.0.88.202404071654]
> Start DBeaver ERD Model [org.jkiss.dbeaver.erd.model 1.0.88.202404071654]
> Start DBeaver Dashboard UI [org.jkiss.dbeaver.ui.dashboard 1.0.125.202404071654]
> Start DBeaver Dashboards Model [org.jkiss.dbeaver.model.dashboard 1.0.1.202404071654]
> Start Default Text Editor [org.eclipse.ui.editors 3.17.100.v20231106-1600]
> Start Text Editor Framework [org.eclipse.ui.workbench.texteditor 3.17.200.v20231106-1600]
> Start DBeaver Sample Database [org.jkiss.dbeaver.ext.sample.database 1.0.165.202404071654]
> Start DBeaver Tip of the day [org.jkiss.dbeaver.ext.ui.tipoftheday 1.0.134.202404071654]
2024-05-14 15:01:57.191 - Open [https://dbeaver.io/product/version.xml]
> Start DBeaver UI Editors - Connections [org.jkiss.dbeaver.ui.editors.connection 1.0.119.202404071654]
> Start DBeaver MySQL UI Support [org.jkiss.dbeaver.ext.mysql.ui 1.0.120.202404071654]
> Start DBeaver JDBC Model [org.jkiss.dbeaver.model.jdbc 1.0.21.202404071654]
> Start DBeaver MySQL Support [org.jkiss.dbeaver.ext.mysql 2.1.213.202404071654]
2024-05-14 15:02:03.912 - Unable to examine folder /usr/lib while looking for a client home
java.nio.file.AccessDeniedException: /usr/lib/mysql/plugin/auth_pam_tool_dir
	at java.base/sun.nio.fs.UnixException.translateToIOException(Unknown Source)
	at java.base/sun.nio.fs.UnixException.rethrowAsIOException(Unknown Source)
	at java.base/sun.nio.fs.UnixException.rethrowAsIOException(Unknown Source)
	at java.base/sun.nio.fs.UnixFileSystemProvider.newDirectoryStream(Unknown Source)
	at java.base/java.nio.file.Files.newDirectoryStream(Unknown Source)
	at java.base/java.nio.file.FileTreeWalker.visit(Unknown Source)
	at java.base/java.nio.file.FileTreeWalker.next(Unknown Source)
	at java.base/java.nio.file.Files.walkFileTree(Unknown Source)
	at java.base/java.nio.file.Files.walkFileTree(Unknown Source)
	at org.jkiss.dbeaver.model.connection.NativeClientLocationUtils.findLocalClientsOnUnix(NativeClientLocationUtils.java:67)
	at org.jkiss.dbeaver.ext.mysql.MySQLDataSourceProvider.findUnixLocalClients(MySQLDataSourceProvider.java:258)
	at org.jkiss.dbeaver.ext.mysql.MySQLDataSourceProvider.findLocalClients(MySQLDataSourceProvider.java:192)
	at org.jkiss.dbeaver.ext.mysql.MySQLDataSourceProvider.getDefaultLocalClientLocation(MySQLDataSourceProvider.java:167)
	at org.jkiss.dbeaver.registry.driver.DriverDescriptor.getDefaultClientLocation(DriverDescriptor.java:1774)
	at org.jkiss.dbeaver.ui.dialogs.connection.ConnectionWizard.getActiveDataSource(ConnectionWizard.java:128)
	at org.jkiss.dbeaver.ui.dialogs.connection.ConnectionPageSettings.getActiveDataSource(ConnectionPageSettings.java:497)
	at org.jkiss.dbeaver.ui.dialogs.connection.ConnectionPageSettings.getDialogPages(ConnectionPageSettings.java:574)
	at org.jkiss.dbeaver.ui.dialogs.connection.ConnectionPageSettings.createProviderPage(ConnectionPageSettings.java:259)
	at org.jkiss.dbeaver.ui.dialogs.connection.ConnectionPageSettings.activatePage(ConnectionPageSettings.java:160)
	at org.jkiss.dbeaver.ui.dialogs.ActiveWizardPage.setVisible(ActiveWizardPage.java:56)
	at org.eclipse.jface.wizard.WizardDialog.updateForPage(WizardDialog.java:1257)
	at org.eclipse.jface.wizard.WizardDialog.lambda$3(WizardDialog.java:1227)
	at org.eclipse.swt.custom.BusyIndicator.showWhile(BusyIndicator.java:67)
	at org.eclipse.jface.wizard.WizardDialog.showPage(WizardDialog.java:1227)
	at org.jkiss.dbeaver.ui.dialogs.ActiveWizardDialog.showPage(ActiveWizardDialog.java:101)
	at org.eclipse.jface.wizard.WizardDialog.nextPressed(WizardDialog.java:922)
	at org.eclipse.jface.wizard.WizardDialog.buttonPressed(WizardDialog.java:469)
	at org.jkiss.dbeaver.ui.dialogs.connection.NewConnectionDialog.buttonPressed(NewConnectionDialog.java:93)
	at org.eclipse.jface.dialogs.Dialog.lambda$0(Dialog.java:619)
	at org.eclipse.swt.events.SelectionListener$1.widgetSelected(SelectionListener.java:84)
	at org.eclipse.swt.widgets.TypedListener.handleEvent(TypedListener.java:252)
	at org.eclipse.swt.widgets.EventTable.sendEvent(EventTable.java:89)
	at org.eclipse.swt.widgets.Display.sendEvent(Display.java:5854)
	at org.eclipse.swt.widgets.Widget.sendEvent(Widget.java:1529)
	at org.eclipse.swt.widgets.Display.runDeferredEvents(Display.java:5064)
	at org.eclipse.swt.widgets.Display.readAndDispatch(Display.java:4516)
	at org.eclipse.jface.window.Window.runEventLoop(Window.java:823)
	at org.eclipse.jface.window.Window.open(Window.java:799)
	at org.jkiss.dbeaver.ui.dialogs.connection.NewConnectionDialog.open(NewConnectionDialog.java:116)
	at org.jkiss.dbeaver.ui.dialogs.connection.NewConnectionDialog.openNewConnectionDialog(NewConnectionDialog.java:151)
	at org.jkiss.dbeaver.ui.dialogs.connection.NewConnectionDialog.openNewConnectionDialog(NewConnectionDialog.java:132)
	at org.jkiss.dbeaver.ui.dialogs.connection.NewConnectionDialog.openNewConnectionDialog(NewConnectionDialog.java:124)
	at org.jkiss.dbeaver.ui.app.standalone.WorkbenchInitializerNewConnection.initializeWorkbenchWindow(WorkbenchInitializerNewConnection.java:47)
	at org.jkiss.dbeaver.ui.app.standalone.ApplicationWorkbenchWindowAdvisor.lambda$2(ApplicationWorkbenchWindowAdvisor.java:357)
	at org.eclipse.swt.widgets.RunnableLock.run(RunnableLock.java:40)
	at org.eclipse.swt.widgets.Synchronizer.runAsyncMessages(Synchronizer.java:132)
	at org.eclipse.swt.widgets.Display.runAsyncMessages(Display.java:5039)
	at org.eclipse.swt.widgets.Display.readAndDispatch(Display.java:4519)
	at org.eclipse.e4.ui.internal.workbench.swt.PartRenderingEngine$5.run(PartRenderingEngine.java:1155)
	at org.eclipse.core.databinding.observable.Realm.runWithDefault(Realm.java:342)
	at org.eclipse.e4.ui.internal.workbench.swt.PartRenderingEngine.run(PartRenderingEngine.java:1046)
	at org.eclipse.e4.ui.internal.workbench.E4Workbench.createAndRunUI(E4Workbench.java:155)
	at org.eclipse.ui.internal.Workbench.lambda$3(Workbench.java:648)
	at org.eclipse.core.databinding.observable.Realm.runWithDefault(Realm.java:342)
	at org.eclipse.ui.internal.Workbench.createAndRunWorkbench(Workbench.java:555)
	at org.eclipse.ui.PlatformUI.createAndRunWorkbench(PlatformUI.java:173)
	at org.jkiss.dbeaver.ui.app.standalone.DBeaverApplication.start(DBeaverApplication.java:295)
	at org.eclipse.equinox.internal.app.EclipseAppHandle.run(EclipseAppHandle.java:208)
	at org.eclipse.core.runtime.internal.adaptor.EclipseAppLauncher.runApplication(EclipseAppLauncher.java:136)
	at org.eclipse.core.runtime.internal.adaptor.EclipseAppLauncher.start(EclipseAppLauncher.java:104)
	at org.eclipse.core.runtime.adaptor.EclipseStarter.run(EclipseStarter.java:402)
	at org.eclipse.core.runtime.adaptor.EclipseStarter.run(EclipseStarter.java:255)
	at java.base/jdk.internal.reflect.NativeMethodAccessorImpl.invoke0(Native Method)
	at java.base/jdk.internal.reflect.NativeMethodAccessorImpl.invoke(Unknown Source)
	at java.base/jdk.internal.reflect.DelegatingMethodAccessorImpl.invoke(Unknown Source)
	at java.base/java.lang.reflect.Method.invoke(Unknown Source)
	at org.jkiss.dbeaver.launcher.DBeaverLauncher.invokeFramework(DBeaverLauncher.java:647)
	at org.jkiss.dbeaver.launcher.DBeaverLauncher.basicRun(DBeaverLauncher.java:607)
	at org.jkiss.dbeaver.launcher.DBeaverLauncher.run(DBeaverLauncher.java:1464)
	at org.jkiss.dbeaver.launcher.DBeaverLauncher.main(DBeaverLauncher.java:1437)
2024-05-14 15:02:04.057 - Service 'org.jkiss.dbeaver.runtime.ui.UIServiceSecurity' not found
2024-05-14 15:02:16.632 - DBeaver is stopping
2024-05-14 15:02:16.632 - Stop instance server
2024-05-14 15:02:17.634 - Instance server has been stopped
2024-05-14 15:02:17.634 - DBeaver shutdown completed
